<?xml version="1.0" encoding="UTF-8"?>
<testsuites>
  <testsuite name="fastlane.lanes">
    
    
    
      
      <testcase classname="fastlane.lanes" name="0: Verifying required fastlane version" time="0.008887">
        
      </testcase>
    
      
      <testcase classname="fastlane.lanes" name="1: ensure_git_branch" time="0.014139">
        
      </testcase>
    
      
      <testcase classname="fastlane.lanes" name="2: ensure_git_status_clean" time="0.031673">
        
      </testcase>
    
      
      <testcase classname="fastlane.lanes" name="3: git_pull" time="1.869987">
        
      </testcase>
    
      
      <testcase classname="fastlane.lanes" name="4: Switch to android build lane" time="0.002804">
        
      </testcase>
    
      
      <testcase classname="fastlane.lanes" name="5: gradle" time="11.291549">
        
          <failure message="/Users/adamalloul/.fastlane/bin/bundle/lib/ruby/gems/2.2.0/gems/fastlane-2.68.2/fastlane/lib/fastlane/actions/actions_helper.rb:48:in `execute_action'&#10;/Users/adamalloul/.fastlane/bin/bundle/lib/ruby/gems/2.2.0/gems/fastlane-2.68.2/fastlane/lib/fastlane/runner.rb:231:in `block in execute_action'&#10;/Users/adamalloul/.fastlane/bin/bundle/lib/ruby/gems/2.2.0/gems/fastlane-2.68.2/fastlane/lib/fastlane/runner.rb:227:in `chdir'&#10;/Users/adamalloul/.fastlane/bin/bundle/lib/ruby/gems/2.2.0/gems/fastlane-2.68.2/fastlane/lib/fastlane/runner.rb:227:in `execute_action'&#10;/Users/adamalloul/.fastlane/bin/bundle/lib/ruby/gems/2.2.0/gems/fastlane-2.68.2/fastlane/lib/fastlane/runner.rb:148:in `trigger_action_by_name'&#10;/Users/adamalloul/.fastlane/bin/bundle/lib/ruby/gems/2.2.0/gems/fastlane-2.68.2/fastlane/lib/fastlane/fast_file.rb:146:in `method_missing'&#10;Fastfile:17:in `block (2 levels) in parsing_binding'&#10;/Users/adamalloul/.fastlane/bin/bundle/lib/ruby/gems/2.2.0/gems/fastlane-2.68.2/fastlane/lib/fastlane/lane.rb:33:in `call'&#10;/Users/adamalloul/.fastlane/bin/bundle/lib/ruby/gems/2.2.0/gems/fastlane-2.68.2/fastlane/lib/fastlane/lane.rb:33:in `call'&#10;/Users/adamalloul/.fastlane/bin/bundle/lib/ruby/gems/2.2.0/gems/fastlane-2.68.2/fastlane/lib/fastlane/runner.rb:201:in `try_switch_to_lane'&#10;/Users/adamalloul/.fastlane/bin/bundle/lib/ruby/gems/2.2.0/gems/fastlane-2.68.2/fastlane/lib/fastlane/runner.rb:156:in `trigger_action_by_name'&#10;/Users/adamalloul/.fastlane/bin/bundle/lib/ruby/gems/2.2.0/gems/fastlane-2.68.2/fastlane/lib/fastlane/fast_file.rb:146:in `method_missing'&#10;Fastfile:23:in `block (2 levels) in parsing_binding'&#10;/Users/adamalloul/.fastlane/bin/bundle/lib/ruby/gems/2.2.0/gems/fastlane-2.68.2/fastlane/lib/fastlane/lane.rb:33:in `call'&#10;/Users/adamalloul/.fastlane/bin/bundle/lib/ruby/gems/2.2.0/gems/fastlane-2.68.2/fastlane/lib/fastlane/lane.rb:33:in `call'&#10;/Users/adamalloul/.fastlane/bin/bundle/lib/ruby/gems/2.2.0/gems/fastlane-2.68.2/fastlane/lib/fastlane/runner.rb:49:in `block in execute'&#10;/Users/adamalloul/.fastlane/bin/bundle/lib/ruby/gems/2.2.0/gems/fastlane-2.68.2/fastlane/lib/fastlane/runner.rb:45:in `chdir'&#10;/Users/adamalloul/.fastlane/bin/bundle/lib/ruby/gems/2.2.0/gems/fastlane-2.68.2/fastlane/lib/fastlane/runner.rb:45:in `execute'&#10;/Users/adamalloul/.fastlane/bin/bundle/lib/ruby/gems/2.2.0/gems/fastlane-2.68.2/fastlane/lib/fastlane/lane_manager.rb:54:in `cruise_lane'&#10;/Users/adamalloul/.fastlane/bin/bundle/lib/ruby/gems/2.2.0/gems/fastlane-2.68.2/fastlane/lib/fastlane/command_line_handler.rb:30:in `handle'&#10;/Users/adamalloul/.fastlane/bin/bundle/lib/ruby/gems/2.2.0/gems/fastlane-2.68.2/fastlane/lib/fastlane/commands_generator.rb:104:in `block (2 levels) in run'&#10;/Users/adamalloul/.fastlane/bin/bundle/lib/ruby/gems/2.2.0/gems/commander-fastlane-4.4.5/lib/commander/command.rb:178:in `call'&#10;/Users/adamalloul/.fastlane/bin/bundle/lib/ruby/gems/2.2.0/gems/commander-fastlane-4.4.5/lib/commander/command.rb:178:in `call'&#10;/Users/adamalloul/.fastlane/bin/bundle/lib/ruby/gems/2.2.0/gems/commander-fastlane-4.4.5/lib/commander/command.rb:153:in `run'&#10;/Users/adamalloul/.fastlane/bin/bundle/lib/ruby/gems/2.2.0/gems/commander-fastlane-4.4.5/lib/commander/runner.rb:476:in `run_active_command'&#10;/Users/adamalloul/.fastlane/bin/bundle/lib/ruby/gems/2.2.0/gems/fastlane-2.68.2/fastlane_core/lib/fastlane_core/ui/fastlane_runner.rb:66:in `run!'&#10;/Users/adamalloul/.fastlane/bin/bundle/lib/ruby/gems/2.2.0/gems/commander-fastlane-4.4.5/lib/commander/delegates.rb:15:in `run!'&#10;/Users/adamalloul/.fastlane/bin/bundle/lib/ruby/gems/2.2.0/gems/fastlane-2.68.2/fastlane/lib/fastlane/commands_generator.rb:304:in `run'&#10;/Users/adamalloul/.fastlane/bin/bundle/lib/ruby/gems/2.2.0/gems/fastlane-2.68.2/fastlane/lib/fastlane/commands_generator.rb:42:in `start'&#10;/Users/adamalloul/.fastlane/bin/bundle/lib/ruby/gems/2.2.0/gems/fastlane-2.68.2/fastlane/lib/fastlane/cli_tools_distributor.rb:75:in `take_off'&#10;/Users/adamalloul/.fastlane/bin/bundle/lib/ruby/gems/2.2.0/gems/fastlane-2.68.2/bin/fastlane:20:in `&lt;top (required)&gt;'&#10;/Users/adamalloul/.fastlane/bin/bundle/bin/fastlane:22:in `load'&#10;/Users/adamalloul/.fastlane/bin/bundle/bin/fastlane:22:in `&lt;main&gt;'&#10;&#10;Exit status of command '/Users/adamalloul/Ed/android/gradlew clean -p android/' was 1 instead of 0.&#10;Download https://jcenter.bintray.com/com/google/gms/google-services/3.0.0/google-services-3.0.0.pom&#10;Download https://jcenter.bintray.com/com/google/gms/google-services/3.0.0/google-services-3.0.0.jar&#10;&#10;FAILURE: Build failed with an exception.&#10;&#10;* What went wrong:&#10;A problem occurred configuring project ':app'.&#10;&gt; Could not resolve all dependencies for configuration ':app:_debugApk'.&#10;   &gt; Configuration with name 'default' not found.&#10;&#10;* Try:&#10;Run with --stacktrace option to get the stack trace. Run with --info or --debug option to get more log output.&#10;&#10;BUILD FAILED&#10;&#10;Total time: 10.518 secs&#10;" />
        
      </testcase>
    
  </testsuite>
</testsuites>
